<?xml version="1.0" encoding="UTF-8"?>
<testsuite xmlns:xsi="http://www.w3.org/2001/XMLSchema-instance" xsi:noNamespaceSchemaLocation="https://maven.apache.org/surefire/maven-surefire-plugin/xsd/surefire-test-report-3.0.xsd" version="3.0" name="cucumberOption.TestRunner" time="7.803" tests="1" errors="0" skipped="0" failures="0">
  <properties>
[...]
</properties>
  <testcase name="Verify if Place is being Successfully added using AddPlaceAPI" classname="Validating Place API&apos;s" time="6.502">
    <system-out><![CDATA[d0dea6091c4a14430d5801af92f72f11
ActualName: Abhishek  Amitabh  Srivastav
Expectedname : Abhishek  Amitabh  Srivastav
]]></system-out>
  </testcase>
</testsuite>